<?xml version="1.0" encoding="UTF-8"?>
<robot generator="Robot 6.1.1 (Python 3.12.2 on win32)" generated="20240214 17:14:30.327" rpa="false" schemaversion="4">
<suite id="s1" name="Mark85-Robot-Express" source="C:\QAx\projects\mark85-robot-express">
<suite id="s1-s1" name="Signup" source="C:\QAx\projects\mark85-robot-express\signup.robot">
<test id="s1-s1-t1" name="Deve poder cadastrar um novo usuário" line="7">
<kw name="New Browser" library="Browser">
<arg>chromium</arg>
<arg>headless=False</arg>
<tag>BrowserControl</tag>
<tag>Setter</tag>
<doc>Create a new playwright Browser with specified options.</doc>
<msg timestamp="20240214 17:14:31.013" level="INFO">{"browser": "chromium", "headless": false, "chromiumSandbox": false, "devtools": false, "handleSIGHUP": true, "handleSIGINT": true, "handleSIGTERM": true, "slowMo": 0.0, "timeout": 30000.0, "tracesDir": "C:\\QAx\\projects\\mark85-robot-express\\results\\browser\\traces\\7f514e98-b87d-458a-9602-edd233906b6f"}</msg>
<msg timestamp="20240214 17:14:31.201" level="INFO">Successfully created browser with options: {"browser":"chromium","headless":false,"chromiumSandbox":false,"devtools":false,"handleSIGHUP":true,"handleSIGINT":true,"handleSIGTERM":true,"slowMo":0,"timeout":30000,"tracesDir":"C:\\QAx\\projects\\mark85-robot-express\\results\\browser\\traces\\7f514e98-b87d-458a-9602-edd233906b6f"}</msg>
<status status="PASS" starttime="20240214 17:14:31.012" endtime="20240214 17:14:31.201"/>
</kw>
<kw name="New Page" library="Browser">
<arg>http://localhost:3000/signup</arg>
<tag>BrowserControl</tag>
<tag>Setter</tag>
<doc>Open a new Page.</doc>
<msg timestamp="20240214 17:14:31.735" level="INFO">Successfully initialized new page object and opened url: http://localhost:3000/signup</msg>
<msg timestamp="20240214 17:14:31.735" level="INFO">No context was open. New context was automatically opened when this page is created.</msg>
<status status="PASS" starttime="20240214 17:14:31.202" endtime="20240214 17:14:31.735"/>
</kw>
<kw name="Wait For Elements State" library="Browser">
<arg>xpath=//h1</arg>
<arg>visible</arg>
<arg>5</arg>
<tag>PageContent</tag>
<tag>Wait</tag>
<doc>Waits for the element found by ``selector`` to satisfy state option.</doc>
<msg timestamp="20240214 17:14:31.755" level="INFO">Waited for Element with selector xpath=//h1 at state visible</msg>
<status status="PASS" starttime="20240214 17:14:31.736" endtime="20240214 17:14:31.756"/>
</kw>
<kw name="Get Text" library="Browser">
<arg>xpath=//h1</arg>
<arg>equal</arg>
<arg>Faça seu cadastro</arg>
<tag>Assertion</tag>
<tag>Getter</tag>
<tag>PageContent</tag>
<doc>Returns text attribute of the element found by ``selector``.</doc>
<msg timestamp="20240214 17:14:31.774" level="INFO">Text: 'Faça seu cadastro'</msg>
<status status="PASS" starttime="20240214 17:14:31.756" endtime="20240214 17:14:31.774"/>
</kw>
<status status="PASS" starttime="20240214 17:14:31.010" endtime="20240214 17:14:31.775"/>
</test>
<doc>Cenários de testes do cadastro de usuários</doc>
<status status="PASS" starttime="20240214 17:14:30.349" endtime="20240214 17:14:31.813"/>
</suite>
<status status="PASS" starttime="20240214 17:14:30.328" endtime="20240214 17:14:31.816"/>
</suite>
<statistics>
<total>
<stat pass="1" fail="0" skip="0">All Tests</stat>
</total>
<tag>
</tag>
<suite>
<stat pass="1" fail="0" skip="0" id="s1" name="Mark85-Robot-Express">Mark85-Robot-Express</stat>
<stat pass="1" fail="0" skip="0" id="s1-s1" name="Signup">Mark85-Robot-Express.Signup</stat>
</suite>
</statistics>
<errors>
</errors>
</robot>
