<?xml version="1.0" encoding="UTF-8"?>
<robot generator="Robot 6.1.1 (Python 3.12.2 on win32)" generated="20240216 14:38:15.828" rpa="false" schemaversion="4">
<suite id="s1" name="Mark85-Robot-Express" source="C:\QAx\projects\mark85-robot-express">
<suite id="s1-s1" name="Tests" source="C:\QAx\projects\mark85-robot-express\tests">
<suite id="s1-s1-s1" name="Signup" source="C:\QAx\projects\mark85-robot-express\tests\signup.robot">
<kw name="Log" library="BuiltIn" type="SETUP">
<arg>Tudo aqui ocorre antes dos testes</arg>
<doc>Logs the given message with the given level.</doc>
<msg timestamp="20240216 14:38:24.721" level="INFO">Tudo aqui ocorre antes dos testes</msg>
<status status="PASS" starttime="20240216 14:38:24.720" endtime="20240216 14:38:24.721"/>
</kw>
<test id="s1-s1-s1-t1" name="Deve poder cadastrar um novo usuário" line="19">
<kw name="Start Session" library="base" type="SETUP">
<kw name="New Browser" library="Browser">
<arg>headless=False</arg>
<arg>browser=chromium</arg>
<tag>BrowserControl</tag>
<tag>Setter</tag>
<doc>Create a new playwright Browser with specified options.</doc>
<msg timestamp="20240216 14:38:24.723" level="INFO">{"browser": "chromium", "headless": false, "chromiumSandbox": false, "devtools": false, "handleSIGHUP": true, "handleSIGINT": true, "handleSIGTERM": true, "slowMo": 0.0, "timeout": 30000.0, "tracesDir": "C:\\QAx\\projects\\mark85-robot-express\\results\\browser\\traces\\15011399-b6ca-4122-83e2-8779d6353162"}</msg>
<msg timestamp="20240216 14:38:24.922" level="INFO">Successfully created browser with options: {"browser":"chromium","headless":false,"chromiumSandbox":false,"devtools":false,"handleSIGHUP":true,"handleSIGINT":true,"handleSIGTERM":true,"slowMo":0,"timeout":30000,"tracesDir":"C:\\QAx\\projects\\mark85-robot-express\\results\\browser\\traces\\15011399-b6ca-4122-83e2-8779d6353162"}</msg>
<status status="PASS" starttime="20240216 14:38:24.723" endtime="20240216 14:38:24.922"/>
</kw>
<kw name="New Page" library="Browser">
<arg>http://localhost:3000/</arg>
<tag>BrowserControl</tag>
<tag>Setter</tag>
<doc>Open a new Page.</doc>
<msg timestamp="20240216 14:38:25.483" level="INFO">Successfully initialized new page object and opened url: http://localhost:3000/</msg>
<msg timestamp="20240216 14:38:25.484" level="INFO">No context was open. New context was automatically opened when this page is created.</msg>
<status status="PASS" starttime="20240216 14:38:24.922" endtime="20240216 14:38:25.484"/>
</kw>
<status status="PASS" starttime="20240216 14:38:24.723" endtime="20240216 14:38:25.484"/>
</kw>
<kw name="Create Dictionary" library="BuiltIn">
<var>${user}</var>
<arg>name=Wellington Júnior</arg>
<arg>email=wpsjunior23@gmail.com</arg>
<arg>password=pwd123</arg>
<doc>Creates and returns a dictionary based on the given ``items``.</doc>
<msg timestamp="20240216 14:38:25.485" level="INFO">${user} = {'name': 'Wellington Júnior', 'email': 'wpsjunior23@gmail.com', 'password': 'pwd123'}</msg>
<status status="PASS" starttime="20240216 14:38:25.485" endtime="20240216 14:38:25.485"/>
</kw>
<kw name="Remove user from database" library="database">
<arg>${user}[email]</arg>
<msg timestamp="20240216 14:38:25.689" level="INFO">removing user by wpsjunior23@gmail.com</msg>
<status status="PASS" starttime="20240216 14:38:25.485" endtime="20240216 14:38:25.689"/>
</kw>
<kw name="Go To" library="Browser">
<arg>http://localhost:3000/signup</arg>
<tag>BrowserControl</tag>
<tag>Setter</tag>
<doc>Navigates to the given ``url``.</doc>
<msg timestamp="20240216 14:38:25.723" level="INFO">Successfully opened URL http://localhost:3000/signup</msg>
<status status="PASS" starttime="20240216 14:38:25.689" endtime="20240216 14:38:25.723"/>
</kw>
<kw name="Wait For Elements State" library="Browser">
<arg>css=h1</arg>
<arg>visible</arg>
<arg>5</arg>
<tag>PageContent</tag>
<tag>Wait</tag>
<doc>Waits for the element found by ``selector`` to satisfy state option.</doc>
<msg timestamp="20240216 14:38:25.745" level="INFO">Waited for Element with selector css=h1 at state visible</msg>
<status status="PASS" starttime="20240216 14:38:25.723" endtime="20240216 14:38:25.745"/>
</kw>
<kw name="Get Text" library="Browser">
<arg>css=h1</arg>
<arg>equal</arg>
<arg>Faça seu cadastro</arg>
<tag>Assertion</tag>
<tag>Getter</tag>
<tag>PageContent</tag>
<doc>Returns text attribute of the element found by ``selector``.</doc>
<msg timestamp="20240216 14:38:25.763" level="INFO">Text: 'Faça seu cadastro'</msg>
<status status="PASS" starttime="20240216 14:38:25.746" endtime="20240216 14:38:25.763"/>
</kw>
<kw name="Fill Text" library="Browser">
<arg>id=name</arg>
<arg>${user}[name]</arg>
<tag>PageContent</tag>
<tag>Setter</tag>
<doc>Clears and fills the given ``txt`` into the text field found by ``selector``.</doc>
<msg timestamp="20240216 14:38:25.764" level="INFO">Fills the text 'Wellington Júnior' in the given field.</msg>
<status status="PASS" starttime="20240216 14:38:25.763" endtime="20240216 14:38:25.779"/>
</kw>
<kw name="Fill Text" library="Browser">
<arg>id=email</arg>
<arg>${user}[email]</arg>
<tag>PageContent</tag>
<tag>Setter</tag>
<doc>Clears and fills the given ``txt`` into the text field found by ``selector``.</doc>
<msg timestamp="20240216 14:38:25.780" level="INFO">Fills the text 'wpsjunior23@gmail.com' in the given field.</msg>
<status status="PASS" starttime="20240216 14:38:25.779" endtime="20240216 14:38:25.790"/>
</kw>
<kw name="Fill Text" library="Browser">
<arg>id=password</arg>
<arg>${user}[password]</arg>
<tag>PageContent</tag>
<tag>Setter</tag>
<doc>Clears and fills the given ``txt`` into the text field found by ``selector``.</doc>
<msg timestamp="20240216 14:38:25.791" level="INFO">Fills the text 'pwd123' in the given field.</msg>
<status status="PASS" starttime="20240216 14:38:25.791" endtime="20240216 14:38:25.800"/>
</kw>
<kw name="Click" library="Browser">
<arg>id=buttonSignup</arg>
<tag>PageContent</tag>
<tag>Setter</tag>
<doc>Simulates mouse click on the element found by ``selector``.</doc>
<status status="PASS" starttime="20240216 14:38:25.800" endtime="20240216 14:38:25.849"/>
</kw>
<kw name="Wait For Elements State" library="Browser">
<arg>css=.notice p</arg>
<arg>visible</arg>
<arg>5</arg>
<tag>PageContent</tag>
<tag>Wait</tag>
<doc>Waits for the element found by ``selector`` to satisfy state option.</doc>
<msg timestamp="20240216 14:38:25.955" level="INFO">Waited for Element with selector css=.notice p at state visible</msg>
<status status="PASS" starttime="20240216 14:38:25.850" endtime="20240216 14:38:25.955"/>
</kw>
<kw name="Get Text" library="Browser">
<arg>css=.notice p</arg>
<arg>equal</arg>
<arg>Boas vindas ao Mark85, o seu gerenciador de tarefas.</arg>
<tag>Assertion</tag>
<tag>Getter</tag>
<tag>PageContent</tag>
<doc>Returns text attribute of the element found by ``selector``.</doc>
<msg timestamp="20240216 14:38:25.965" level="INFO">Text: 'Boas vindas ao Mark85, o seu gerenciador de tarefas.'</msg>
<status status="PASS" starttime="20240216 14:38:25.955" endtime="20240216 14:38:25.965"/>
</kw>
<kw name="Take Screenshot" library="Browser" type="TEARDOWN">
<tag>PageContent</tag>
<doc>Takes a screenshot of the current window or element and saves it to disk.</doc>
<msg timestamp="20240216 14:38:26.150" level="INFO" html="true">&lt;/td&gt;&lt;/tr&gt;&lt;tr&gt;&lt;td colspan="3"&gt;&lt;a href="browser/screenshot/robotframework-browser-screenshot-1.png" target="_blank"&gt;&lt;img src="browser/screenshot/robotframework-browser-screenshot-1.png" width="800px"/&gt;&lt;/a&gt;</msg>
<status status="PASS" starttime="20240216 14:38:25.967" endtime="20240216 14:38:26.150"/>
</kw>
<status status="PASS" starttime="20240216 14:38:24.721" endtime="20240216 14:38:26.151"/>
</test>
<test id="s1-s1-s1-t2" name="Não deve permitir o cadastro com email duplicado" line="44">
<kw name="Start Session" library="base" type="SETUP">
<kw name="New Browser" library="Browser">
<arg>headless=False</arg>
<arg>browser=chromium</arg>
<tag>BrowserControl</tag>
<tag>Setter</tag>
<doc>Create a new playwright Browser with specified options.</doc>
<msg timestamp="20240216 14:38:26.191" level="INFO">Switching browser to browser=13190a1b-8cbf-417f-b712-c9aae2deecff</msg>
<msg timestamp="20240216 14:38:26.192" level="INFO">Successfully changed active browser: browser=13190a1b-8cbf-417f-b712-c9aae2deecff</msg>
<msg timestamp="20240216 14:38:26.192" level="INFO">Reusing existing browser with id: browser=13190a1b-8cbf-417f-b712-c9aae2deecff</msg>
<status status="PASS" starttime="20240216 14:38:26.191" endtime="20240216 14:38:26.192"/>
</kw>
<kw name="New Page" library="Browser">
<arg>http://localhost:3000/</arg>
<tag>BrowserControl</tag>
<tag>Setter</tag>
<doc>Open a new Page.</doc>
<msg timestamp="20240216 14:38:26.691" level="INFO">Successfully initialized new page object and opened url: http://localhost:3000/</msg>
<msg timestamp="20240216 14:38:26.691" level="INFO">No context was open. New context was automatically opened when this page is created.</msg>
<status status="PASS" starttime="20240216 14:38:26.193" endtime="20240216 14:38:26.691"/>
</kw>
<status status="PASS" starttime="20240216 14:38:26.190" endtime="20240216 14:38:26.691"/>
</kw>
<kw name="Create Dictionary" library="BuiltIn">
<var>${user}</var>
<arg>name=Wellington Júnior</arg>
<arg>email=wpsjunior23@gmail.com</arg>
<arg>password=pwd123</arg>
<doc>Creates and returns a dictionary based on the given ``items``.</doc>
<msg timestamp="20240216 14:38:26.692" level="INFO">${user} = {'name': 'Wellington Júnior', 'email': 'wpsjunior23@gmail.com', 'password': 'pwd123'}</msg>
<status status="PASS" starttime="20240216 14:38:26.692" endtime="20240216 14:38:26.692"/>
</kw>
<kw name="Remove user from database" library="database">
<arg>${user}[email]</arg>
<msg timestamp="20240216 14:38:26.724" level="INFO">removing user by wpsjunior23@gmail.com</msg>
<status status="PASS" starttime="20240216 14:38:26.692" endtime="20240216 14:38:26.724"/>
</kw>
<kw name="Insert user from database" library="database">
<arg>${user}</arg>
<msg timestamp="20240216 14:38:26.759" level="INFO">{'name': 'Wellington Júnior', 'email': 'wpsjunior23@gmail.com', 'password': 'pwd123', '_id': ObjectId('65cf9d92e317b51c8f2502ea')}</msg>
<status status="PASS" starttime="20240216 14:38:26.725" endtime="20240216 14:38:26.759"/>
</kw>
<kw name="Go To" library="Browser">
<arg>http://localhost:3000/signup</arg>
<tag>BrowserControl</tag>
<tag>Setter</tag>
<doc>Navigates to the given ``url``.</doc>
<msg timestamp="20240216 14:38:26.789" level="INFO">Successfully opened URL http://localhost:3000/signup</msg>
<status status="PASS" starttime="20240216 14:38:26.759" endtime="20240216 14:38:26.789"/>
</kw>
<kw name="Wait For Elements State" library="Browser">
<arg>css=h1</arg>
<arg>visible</arg>
<arg>5</arg>
<tag>PageContent</tag>
<tag>Wait</tag>
<doc>Waits for the element found by ``selector`` to satisfy state option.</doc>
<msg timestamp="20240216 14:38:26.807" level="INFO">Waited for Element with selector css=h1 at state visible</msg>
<status status="PASS" starttime="20240216 14:38:26.790" endtime="20240216 14:38:26.807"/>
</kw>
<kw name="Get Text" library="Browser">
<arg>css=h1</arg>
<arg>equal</arg>
<arg>Faça seu cadastro</arg>
<tag>Assertion</tag>
<tag>Getter</tag>
<tag>PageContent</tag>
<doc>Returns text attribute of the element found by ``selector``.</doc>
<msg timestamp="20240216 14:38:26.821" level="INFO">Text: 'Faça seu cadastro'</msg>
<status status="PASS" starttime="20240216 14:38:26.808" endtime="20240216 14:38:26.821"/>
</kw>
<kw name="Fill Text" library="Browser">
<arg>id=name</arg>
<arg>${user}[name]</arg>
<tag>PageContent</tag>
<tag>Setter</tag>
<doc>Clears and fills the given ``txt`` into the text field found by ``selector``.</doc>
<msg timestamp="20240216 14:38:26.822" level="INFO">Fills the text 'Wellington Júnior' in the given field.</msg>
<status status="PASS" starttime="20240216 14:38:26.822" endtime="20240216 14:38:26.833"/>
</kw>
<kw name="Fill Text" library="Browser">
<arg>id=email</arg>
<arg>${user}[email]</arg>
<tag>PageContent</tag>
<tag>Setter</tag>
<doc>Clears and fills the given ``txt`` into the text field found by ``selector``.</doc>
<msg timestamp="20240216 14:38:26.834" level="INFO">Fills the text 'wpsjunior23@gmail.com' in the given field.</msg>
<status status="PASS" starttime="20240216 14:38:26.833" endtime="20240216 14:38:26.844"/>
</kw>
<kw name="Fill Text" library="Browser">
<arg>id=password</arg>
<arg>${user}[password]</arg>
<tag>PageContent</tag>
<tag>Setter</tag>
<doc>Clears and fills the given ``txt`` into the text field found by ``selector``.</doc>
<msg timestamp="20240216 14:38:26.844" level="INFO">Fills the text 'pwd123' in the given field.</msg>
<status status="PASS" starttime="20240216 14:38:26.844" endtime="20240216 14:38:26.852"/>
</kw>
<kw name="Click" library="Browser">
<arg>id=buttonSignup</arg>
<tag>PageContent</tag>
<tag>Setter</tag>
<doc>Simulates mouse click on the element found by ``selector``.</doc>
<status status="PASS" starttime="20240216 14:38:26.852" endtime="20240216 14:38:26.897"/>
</kw>
<kw name="Wait For Elements State" library="Browser">
<arg>css=.notice p</arg>
<arg>visible</arg>
<arg>5</arg>
<tag>PageContent</tag>
<tag>Wait</tag>
<doc>Waits for the element found by ``selector`` to satisfy state option.</doc>
<msg timestamp="20240216 14:38:26.990" level="INFO">Waited for Element with selector css=.notice p at state visible</msg>
<status status="PASS" starttime="20240216 14:38:26.897" endtime="20240216 14:38:26.991"/>
</kw>
<kw name="Get Text" library="Browser">
<arg>css=.notice p</arg>
<arg>equal</arg>
<arg>Oops! Já existe uma conta com o e-mail informado.</arg>
<tag>Assertion</tag>
<tag>Getter</tag>
<tag>PageContent</tag>
<doc>Returns text attribute of the element found by ``selector``.</doc>
<msg timestamp="20240216 14:38:26.999" level="INFO">Text: 'Oops! Já existe uma conta com o e-mail informado.'</msg>
<status status="PASS" starttime="20240216 14:38:26.991" endtime="20240216 14:38:27.000"/>
</kw>
<kw name="Take Screenshot" library="Browser" type="TEARDOWN">
<tag>PageContent</tag>
<doc>Takes a screenshot of the current window or element and saves it to disk.</doc>
<msg timestamp="20240216 14:38:27.167" level="INFO" html="true">&lt;/td&gt;&lt;/tr&gt;&lt;tr&gt;&lt;td colspan="3"&gt;&lt;a href="browser/screenshot/robotframework-browser-screenshot-2.png" target="_blank"&gt;&lt;img src="browser/screenshot/robotframework-browser-screenshot-2.png" width="800px"/&gt;&lt;/a&gt;</msg>
<status status="PASS" starttime="20240216 14:38:27.000" endtime="20240216 14:38:27.168"/>
</kw>
<tag>dup</tag>
<status status="PASS" starttime="20240216 14:38:26.188" endtime="20240216 14:38:27.168"/>
</test>
<kw name="Log" library="BuiltIn" type="TEARDOWN">
<arg>Tudo aqui ocorre depois dos testes</arg>
<doc>Logs the given message with the given level.</doc>
<msg timestamp="20240216 14:38:27.201" level="INFO">Tudo aqui ocorre depois dos testes</msg>
<status status="PASS" starttime="20240216 14:38:27.201" endtime="20240216 14:38:27.201"/>
</kw>
<doc>Cenários de testes do cadastro de usuários</doc>
<status status="PASS" starttime="20240216 14:38:15.852" endtime="20240216 14:38:27.202"/>
</suite>
<status status="PASS" starttime="20240216 14:38:15.851" endtime="20240216 14:38:27.205"/>
</suite>
<status status="PASS" starttime="20240216 14:38:15.830" endtime="20240216 14:38:27.206"/>
</suite>
<statistics>
<total>
<stat pass="2" fail="0" skip="0">All Tests</stat>
</total>
<tag>
<stat pass="1" fail="0" skip="0">dup</stat>
</tag>
<suite>
<stat pass="2" fail="0" skip="0" id="s1" name="Mark85-Robot-Express">Mark85-Robot-Express</stat>
<stat pass="2" fail="0" skip="0" id="s1-s1" name="Tests">Mark85-Robot-Express.Tests</stat>
<stat pass="2" fail="0" skip="0" id="s1-s1-s1" name="Signup">Mark85-Robot-Express.Tests.Signup</stat>
</suite>
</statistics>
<errors>
</errors>
</robot>
