<?xml version="1.0" encoding="UTF-8"?>
<robot generator="Robot 6.1.1 (Python 3.12.2 on win32)" generated="20240219 17:40:04.367" rpa="false" schemaversion="4">
<suite id="s1" name="Mark85-Robot-Express" source="C:\QAx\projects\mark85-robot-express">
<suite id="s1-s1" name="Tests" source="C:\QAx\projects\mark85-robot-express\tests">
<suite id="s1-s1-s1" name="Login" source="C:\QAx\projects\mark85-robot-express\tests\login.robot">
<test id="s1-s1-s1-t1" name="Deve poder logar com um usuário pré-cadastrado" line="12">
<kw name="Start Session" library="base" type="SETUP">
<kw name="New Browser" library="Browser">
<arg>headless=False</arg>
<arg>browser=chromium</arg>
<tag>BrowserControl</tag>
<tag>Setter</tag>
<doc>Create a new playwright Browser with specified options.</doc>
<msg timestamp="20240219 17:40:13.325" level="INFO">{"browser": "chromium", "headless": false, "chromiumSandbox": false, "devtools": false, "handleSIGHUP": true, "handleSIGINT": true, "handleSIGTERM": true, "slowMo": 0.0, "timeout": 30000.0, "tracesDir": "C:\\QAx\\projects\\mark85-robot-express\\results\\browser\\traces\\f4af3459-66d1-48af-b11e-73fc6de66f94"}</msg>
<msg timestamp="20240219 17:40:13.504" level="INFO">Successfully created browser with options: {"browser":"chromium","headless":false,"chromiumSandbox":false,"devtools":false,"handleSIGHUP":true,"handleSIGINT":true,"handleSIGTERM":true,"slowMo":0,"timeout":30000,"tracesDir":"C:\\QAx\\projects\\mark85-robot-express\\results\\browser\\traces\\f4af3459-66d1-48af-b11e-73fc6de66f94"}</msg>
<status status="PASS" starttime="20240219 17:40:13.324" endtime="20240219 17:40:13.504"/>
</kw>
<kw name="New Page" library="Browser">
<arg>${BASE_URL}</arg>
<tag>BrowserControl</tag>
<tag>Setter</tag>
<doc>Open a new Page.</doc>
<msg timestamp="20240219 17:40:14.046" level="INFO">Successfully initialized new page object and opened url: http://localhost:3000</msg>
<msg timestamp="20240219 17:40:14.046" level="INFO">No context was open. New context was automatically opened when this page is created.</msg>
<status status="PASS" starttime="20240219 17:40:13.504" endtime="20240219 17:40:14.047"/>
</kw>
<status status="PASS" starttime="20240219 17:40:13.324" endtime="20240219 17:40:14.047"/>
</kw>
<kw name="Create Dictionary" library="BuiltIn">
<var>${user}</var>
<arg>name=Wellington Junior</arg>
<arg>email=juninxrox@gmail.com</arg>
<arg>password=123456</arg>
<doc>Creates and returns a dictionary based on the given ``items``.</doc>
<msg timestamp="20240219 17:40:14.048" level="INFO">${user} = {'name': 'Wellington Junior', 'email': 'juninxrox@gmail.com', 'password': '123456'}</msg>
<status status="PASS" starttime="20240219 17:40:14.047" endtime="20240219 17:40:14.048"/>
</kw>
<kw name="Submit login form" library="LoginPage">
<arg>${user}</arg>
<kw name="Fill Text" library="Browser">
<arg>id=email</arg>
<arg>${user}[email]</arg>
<tag>PageContent</tag>
<tag>Setter</tag>
<doc>Clears and fills the given ``txt`` into the text field found by ``selector``.</doc>
<msg timestamp="20240219 17:40:14.049" level="INFO">Fills the text 'juninxrox@gmail.com' in the given field.</msg>
<status status="PASS" starttime="20240219 17:40:14.049" endtime="20240219 17:40:14.079"/>
</kw>
<kw name="Fill Text" library="Browser">
<arg>id=password</arg>
<arg>${user}[password]</arg>
<tag>PageContent</tag>
<tag>Setter</tag>
<doc>Clears and fills the given ``txt`` into the text field found by ``selector``.</doc>
<msg timestamp="20240219 17:40:14.079" level="INFO">Fills the text '123456' in the given field.</msg>
<status status="PASS" starttime="20240219 17:40:14.079" endtime="20240219 17:40:14.090"/>
</kw>
<kw name="Click" library="Browser">
<arg>id=buttonLogin</arg>
<tag>PageContent</tag>
<tag>Setter</tag>
<doc>Simulates mouse click on the element found by ``selector``.</doc>
<status status="PASS" starttime="20240219 17:40:14.090" endtime="20240219 17:40:14.140"/>
</kw>
<status status="PASS" starttime="20240219 17:40:14.048" endtime="20240219 17:40:14.140"/>
</kw>
<kw name="User should be logged in" library="LoginPage">
<arg>${user}[name]</arg>
<kw name="Split String" library="String">
<var>${splited_name}</var>
<arg>${name}</arg>
<doc>Splits the ``string`` using ``separator`` as a delimiter string.</doc>
<msg timestamp="20240219 17:40:14.141" level="INFO">${splited_name} = ['Wellington', 'Junior']</msg>
<status status="PASS" starttime="20240219 17:40:14.141" endtime="20240219 17:40:14.141"/>
</kw>
<kw name="Set Variable" library="BuiltIn">
<var>${element}</var>
<arg>css=header small</arg>
<doc>Returns the given values which can then be assigned to a variables.</doc>
<msg timestamp="20240219 17:40:14.142" level="INFO">${element} = css=header small</msg>
<status status="PASS" starttime="20240219 17:40:14.141" endtime="20240219 17:40:14.142"/>
</kw>
<kw name="Wait For Elements State" library="Browser">
<arg>${element}</arg>
<arg>visible</arg>
<arg>5</arg>
<tag>PageContent</tag>
<tag>Wait</tag>
<doc>Waits for the element found by ``selector`` to satisfy state option.</doc>
<msg timestamp="20240219 17:40:14.238" level="INFO">Waited for Element with selector css=header small at state visible</msg>
<status status="PASS" starttime="20240219 17:40:14.142" endtime="20240219 17:40:14.238"/>
</kw>
<kw name="Get Text" library="Browser">
<arg>${element}</arg>
<arg>equal</arg>
<arg>Olá, ${splited_name}[0]</arg>
<tag>Assertion</tag>
<tag>Getter</tag>
<tag>PageContent</tag>
<doc>Returns text attribute of the element found by ``selector``.</doc>
<msg timestamp="20240219 17:40:14.256" level="INFO">Text: 'Olá, Wellington'</msg>
<status status="PASS" starttime="20240219 17:40:14.239" endtime="20240219 17:40:14.256"/>
</kw>
<status status="PASS" starttime="20240219 17:40:14.140" endtime="20240219 17:40:14.256"/>
</kw>
<kw name="Take Screenshot" library="Browser" type="TEARDOWN">
<tag>PageContent</tag>
<doc>Takes a screenshot of the current window or element and saves it to disk.</doc>
<msg timestamp="20240219 17:40:14.467" level="INFO" html="true">&lt;/td&gt;&lt;/tr&gt;&lt;tr&gt;&lt;td colspan="3"&gt;&lt;a href="browser/screenshot/robotframework-browser-screenshot-1.png" target="_blank"&gt;&lt;img src="browser/screenshot/robotframework-browser-screenshot-1.png" width="800px"/&gt;&lt;/a&gt;</msg>
<status status="PASS" starttime="20240219 17:40:14.256" endtime="20240219 17:40:14.467"/>
</kw>
<status status="PASS" starttime="20240219 17:40:13.322" endtime="20240219 17:40:14.468"/>
</test>
<doc>Cenários de autenticação do usuário</doc>
<status status="PASS" starttime="20240219 17:40:04.393" endtime="20240219 17:40:14.503"/>
</suite>
<status status="PASS" starttime="20240219 17:40:04.391" endtime="20240219 17:40:14.507"/>
</suite>
<status status="PASS" starttime="20240219 17:40:04.369" endtime="20240219 17:40:14.508"/>
</suite>
<statistics>
<total>
<stat pass="1" fail="0" skip="0">All Tests</stat>
</total>
<tag>
</tag>
<suite>
<stat pass="1" fail="0" skip="0" id="s1" name="Mark85-Robot-Express">Mark85-Robot-Express</stat>
<stat pass="1" fail="0" skip="0" id="s1-s1" name="Tests">Mark85-Robot-Express.Tests</stat>
<stat pass="1" fail="0" skip="0" id="s1-s1-s1" name="Login">Mark85-Robot-Express.Tests.Login</stat>
</suite>
</statistics>
<errors>
</errors>
</robot>
