<?xml version="1.0" encoding="UTF-8"?>
<robot generator="Robot 6.1.1 (Python 3.12.2 on win32)" generated="20240216 16:53:55.992" rpa="false" schemaversion="4">
<suite id="s1" name="Mark85-Robot-Express" source="C:\QAx\projects\mark85-robot-express">
<suite id="s1-s1" name="Tests" source="C:\QAx\projects\mark85-robot-express\tests">
<suite id="s1-s1-s1" name="Signup" source="C:\QAx\projects\mark85-robot-express\tests\signup.robot">
<kw name="Log" library="BuiltIn" type="SETUP">
<arg>Tudo aqui ocorre antes dos testes</arg>
<doc>Logs the given message with the given level.</doc>
<msg timestamp="20240216 16:54:04.932" level="INFO">Tudo aqui ocorre antes dos testes</msg>
<status status="PASS" starttime="20240216 16:54:04.932" endtime="20240216 16:54:04.933"/>
</kw>
<test id="s1-s1-s1-t1" name="Não deve cadastrar com senha muito curta" line="106">
<kw name="Start Session" library="base" type="SETUP">
<kw name="New Browser" library="Browser">
<arg>headless=False</arg>
<arg>browser=chromium</arg>
<tag>BrowserControl</tag>
<tag>Setter</tag>
<doc>Create a new playwright Browser with specified options.</doc>
<msg timestamp="20240216 16:54:04.936" level="INFO">{"browser": "chromium", "headless": false, "chromiumSandbox": false, "devtools": false, "handleSIGHUP": true, "handleSIGINT": true, "handleSIGTERM": true, "slowMo": 0.0, "timeout": 30000.0, "tracesDir": "C:\\QAx\\projects\\mark85-robot-express\\results\\browser\\traces\\acc1cd2b-1808-4322-b3bc-b216d5dc16eb"}</msg>
<msg timestamp="20240216 16:54:05.129" level="INFO">Successfully created browser with options: {"browser":"chromium","headless":false,"chromiumSandbox":false,"devtools":false,"handleSIGHUP":true,"handleSIGINT":true,"handleSIGTERM":true,"slowMo":0,"timeout":30000,"tracesDir":"C:\\QAx\\projects\\mark85-robot-express\\results\\browser\\traces\\acc1cd2b-1808-4322-b3bc-b216d5dc16eb"}</msg>
<status status="PASS" starttime="20240216 16:54:04.935" endtime="20240216 16:54:05.130"/>
</kw>
<kw name="New Page" library="Browser">
<arg>${BASE_URL}</arg>
<tag>BrowserControl</tag>
<tag>Setter</tag>
<doc>Open a new Page.</doc>
<msg timestamp="20240216 16:54:05.720" level="INFO">Successfully initialized new page object and opened url: http://localhost:3000</msg>
<msg timestamp="20240216 16:54:05.720" level="INFO">No context was open. New context was automatically opened when this page is created.</msg>
<status status="PASS" starttime="20240216 16:54:05.130" endtime="20240216 16:54:05.720"/>
</kw>
<status status="PASS" starttime="20240216 16:54:04.935" endtime="20240216 16:54:05.720"/>
</kw>
<kw name="Create List" library="BuiltIn">
<var>@{password_list}</var>
<arg>1</arg>
<arg>12</arg>
<arg>123</arg>
<arg>1234</arg>
<arg>12345</arg>
<doc>Returns a list containing given items.</doc>
<msg timestamp="20240216 16:54:05.721" level="INFO">@{password_list} = [ 1 | 12 | 123 | 1234 | 12345 ]</msg>
<status status="PASS" starttime="20240216 16:54:05.721" endtime="20240216 16:54:05.721"/>
</kw>
<for flavor="IN">
<var>${password}</var>
<value>@{password_list}</value>
<iter>
<var name="${password}">1</var>
<kw name="Create Dictionary" library="BuiltIn">
<var>${user}</var>
<arg>name=Wellington Júnior</arg>
<arg>email=wpsjunior23@gmail.com</arg>
<arg>password=${password}</arg>
<doc>Creates and returns a dictionary based on the given ``items``.</doc>
<msg timestamp="20240216 16:54:05.722" level="INFO">${user} = {'name': 'Wellington Júnior', 'email': 'wpsjunior23@gmail.com', 'password': '1'}</msg>
<status status="PASS" starttime="20240216 16:54:05.722" endtime="20240216 16:54:05.722"/>
</kw>
<kw name="Go to signup page" library="SignupPage">
<kw name="Set Variable" library="BuiltIn">
<var>${element}</var>
<arg>css=h1</arg>
<doc>Returns the given values which can then be assigned to a variables.</doc>
<msg timestamp="20240216 16:54:05.723" level="INFO">${element} = css=h1</msg>
<status status="PASS" starttime="20240216 16:54:05.723" endtime="20240216 16:54:05.723"/>
</kw>
<kw name="Go To" library="Browser">
<arg>${BASE_URL}/signup</arg>
<tag>BrowserControl</tag>
<tag>Setter</tag>
<doc>Navigates to the given ``url``.</doc>
<msg timestamp="20240216 16:54:05.755" level="INFO">Successfully opened URL http://localhost:3000/signup</msg>
<status status="PASS" starttime="20240216 16:54:05.723" endtime="20240216 16:54:05.755"/>
</kw>
<kw name="Wait For Elements State" library="Browser">
<arg>${element}</arg>
<arg>visible</arg>
<arg>5</arg>
<tag>PageContent</tag>
<tag>Wait</tag>
<doc>Waits for the element found by ``selector`` to satisfy state option.</doc>
<msg timestamp="20240216 16:54:05.772" level="INFO">Waited for Element with selector css=h1 at state visible</msg>
<status status="PASS" starttime="20240216 16:54:05.755" endtime="20240216 16:54:05.772"/>
</kw>
<kw name="Get Text" library="Browser">
<arg>${element}</arg>
<arg>equal</arg>
<arg>Faça seu cadastro</arg>
<tag>Assertion</tag>
<tag>Getter</tag>
<tag>PageContent</tag>
<doc>Returns text attribute of the element found by ``selector``.</doc>
<msg timestamp="20240216 16:54:05.793" level="INFO">Text: 'Faça seu cadastro'</msg>
<status status="PASS" starttime="20240216 16:54:05.772" endtime="20240216 16:54:05.793"/>
</kw>
<status status="PASS" starttime="20240216 16:54:05.722" endtime="20240216 16:54:05.793"/>
</kw>
<kw name="Submit signup form" library="SignupPage">
<arg>${user}</arg>
<kw name="Fill Text" library="Browser">
<arg>id=name</arg>
<arg>${user}[name]</arg>
<tag>PageContent</tag>
<tag>Setter</tag>
<doc>Clears and fills the given ``txt`` into the text field found by ``selector``.</doc>
<msg timestamp="20240216 16:54:05.794" level="INFO">Fills the text 'Wellington Júnior' in the given field.</msg>
<status status="PASS" starttime="20240216 16:54:05.794" endtime="20240216 16:54:05.809"/>
</kw>
<kw name="Fill Text" library="Browser">
<arg>id=email</arg>
<arg>${user}[email]</arg>
<tag>PageContent</tag>
<tag>Setter</tag>
<doc>Clears and fills the given ``txt`` into the text field found by ``selector``.</doc>
<msg timestamp="20240216 16:54:05.809" level="INFO">Fills the text 'wpsjunior23@gmail.com' in the given field.</msg>
<status status="PASS" starttime="20240216 16:54:05.809" endtime="20240216 16:54:05.819"/>
</kw>
<kw name="Fill Text" library="Browser">
<arg>id=password</arg>
<arg>${user}[password]</arg>
<tag>PageContent</tag>
<tag>Setter</tag>
<doc>Clears and fills the given ``txt`` into the text field found by ``selector``.</doc>
<msg timestamp="20240216 16:54:05.819" level="INFO">Fills the text '1' in the given field.</msg>
<status status="PASS" starttime="20240216 16:54:05.819" endtime="20240216 16:54:05.828"/>
</kw>
<kw name="Click" library="Browser">
<arg>id=buttonSignup</arg>
<tag>PageContent</tag>
<tag>Setter</tag>
<doc>Simulates mouse click on the element found by ``selector``.</doc>
<status status="PASS" starttime="20240216 16:54:05.828" endtime="20240216 16:54:05.874"/>
</kw>
<status status="PASS" starttime="20240216 16:54:05.794" endtime="20240216 16:54:05.874"/>
</kw>
<kw name="Alert should be" library="SignupPage">
<arg>Informe uma senha com pelo menos 6 digitos</arg>
<kw name="Wait For Elements State" library="Browser">
<arg>css=.alert-error &gt;&gt; text=${alert_text}</arg>
<arg>visible</arg>
<arg>5</arg>
<tag>PageContent</tag>
<tag>Wait</tag>
<doc>Waits for the element found by ``selector`` to satisfy state option.</doc>
<msg timestamp="20240216 16:54:05.879" level="INFO">Waited for Element with selector css=.alert-error &gt;&gt; text=Informe uma senha com pelo menos 6 digitos at state visible</msg>
<status status="PASS" starttime="20240216 16:54:05.874" endtime="20240216 16:54:05.879"/>
</kw>
<status status="PASS" starttime="20240216 16:54:05.874" endtime="20240216 16:54:05.879"/>
</kw>
<status status="PASS" starttime="20240216 16:54:05.722" endtime="20240216 16:54:05.879"/>
</iter>
<iter>
<var name="${password}">12</var>
<kw name="Create Dictionary" library="BuiltIn">
<var>${user}</var>
<arg>name=Wellington Júnior</arg>
<arg>email=wpsjunior23@gmail.com</arg>
<arg>password=${password}</arg>
<doc>Creates and returns a dictionary based on the given ``items``.</doc>
<msg timestamp="20240216 16:54:05.879" level="INFO">${user} = {'name': 'Wellington Júnior', 'email': 'wpsjunior23@gmail.com', 'password': '12'}</msg>
<status status="PASS" starttime="20240216 16:54:05.879" endtime="20240216 16:54:05.879"/>
</kw>
<kw name="Go to signup page" library="SignupPage">
<kw name="Set Variable" library="BuiltIn">
<var>${element}</var>
<arg>css=h1</arg>
<doc>Returns the given values which can then be assigned to a variables.</doc>
<msg timestamp="20240216 16:54:05.879" level="INFO">${element} = css=h1</msg>
<status status="PASS" starttime="20240216 16:54:05.879" endtime="20240216 16:54:05.879"/>
</kw>
<kw name="Go To" library="Browser">
<arg>${BASE_URL}/signup</arg>
<tag>BrowserControl</tag>
<tag>Setter</tag>
<doc>Navigates to the given ``url``.</doc>
<msg timestamp="20240216 16:54:05.906" level="INFO">Successfully opened URL http://localhost:3000/signup</msg>
<status status="PASS" starttime="20240216 16:54:05.879" endtime="20240216 16:54:05.906"/>
</kw>
<kw name="Wait For Elements State" library="Browser">
<arg>${element}</arg>
<arg>visible</arg>
<arg>5</arg>
<tag>PageContent</tag>
<tag>Wait</tag>
<doc>Waits for the element found by ``selector`` to satisfy state option.</doc>
<msg timestamp="20240216 16:54:05.912" level="INFO">Waited for Element with selector css=h1 at state visible</msg>
<status status="PASS" starttime="20240216 16:54:05.906" endtime="20240216 16:54:05.912"/>
</kw>
<kw name="Get Text" library="Browser">
<arg>${element}</arg>
<arg>equal</arg>
<arg>Faça seu cadastro</arg>
<tag>Assertion</tag>
<tag>Getter</tag>
<tag>PageContent</tag>
<doc>Returns text attribute of the element found by ``selector``.</doc>
<msg timestamp="20240216 16:54:05.931" level="INFO">Text: 'Faça seu cadastro'</msg>
<status status="PASS" starttime="20240216 16:54:05.912" endtime="20240216 16:54:05.932"/>
</kw>
<status status="PASS" starttime="20240216 16:54:05.879" endtime="20240216 16:54:05.932"/>
</kw>
<kw name="Submit signup form" library="SignupPage">
<arg>${user}</arg>
<kw name="Fill Text" library="Browser">
<arg>id=name</arg>
<arg>${user}[name]</arg>
<tag>PageContent</tag>
<tag>Setter</tag>
<doc>Clears and fills the given ``txt`` into the text field found by ``selector``.</doc>
<msg timestamp="20240216 16:54:05.932" level="INFO">Fills the text 'Wellington Júnior' in the given field.</msg>
<status status="PASS" starttime="20240216 16:54:05.932" endtime="20240216 16:54:05.940"/>
</kw>
<kw name="Fill Text" library="Browser">
<arg>id=email</arg>
<arg>${user}[email]</arg>
<tag>PageContent</tag>
<tag>Setter</tag>
<doc>Clears and fills the given ``txt`` into the text field found by ``selector``.</doc>
<msg timestamp="20240216 16:54:05.940" level="INFO">Fills the text 'wpsjunior23@gmail.com' in the given field.</msg>
<status status="PASS" starttime="20240216 16:54:05.940" endtime="20240216 16:54:05.949"/>
</kw>
<kw name="Fill Text" library="Browser">
<arg>id=password</arg>
<arg>${user}[password]</arg>
<tag>PageContent</tag>
<tag>Setter</tag>
<doc>Clears and fills the given ``txt`` into the text field found by ``selector``.</doc>
<msg timestamp="20240216 16:54:05.949" level="INFO">Fills the text '12' in the given field.</msg>
<status status="PASS" starttime="20240216 16:54:05.949" endtime="20240216 16:54:05.958"/>
</kw>
<kw name="Click" library="Browser">
<arg>id=buttonSignup</arg>
<tag>PageContent</tag>
<tag>Setter</tag>
<doc>Simulates mouse click on the element found by ``selector``.</doc>
<status status="PASS" starttime="20240216 16:54:05.958" endtime="20240216 16:54:05.999"/>
</kw>
<status status="PASS" starttime="20240216 16:54:05.932" endtime="20240216 16:54:06.000"/>
</kw>
<kw name="Alert should be" library="SignupPage">
<arg>Informe uma senha com pelo menos 6 digitos</arg>
<kw name="Wait For Elements State" library="Browser">
<arg>css=.alert-error &gt;&gt; text=${alert_text}</arg>
<arg>visible</arg>
<arg>5</arg>
<tag>PageContent</tag>
<tag>Wait</tag>
<doc>Waits for the element found by ``selector`` to satisfy state option.</doc>
<msg timestamp="20240216 16:54:06.003" level="INFO">Waited for Element with selector css=.alert-error &gt;&gt; text=Informe uma senha com pelo menos 6 digitos at state visible</msg>
<status status="PASS" starttime="20240216 16:54:06.000" endtime="20240216 16:54:06.004"/>
</kw>
<status status="PASS" starttime="20240216 16:54:06.000" endtime="20240216 16:54:06.004"/>
</kw>
<status status="PASS" starttime="20240216 16:54:05.879" endtime="20240216 16:54:06.004"/>
</iter>
<iter>
<var name="${password}">123</var>
<kw name="Create Dictionary" library="BuiltIn">
<var>${user}</var>
<arg>name=Wellington Júnior</arg>
<arg>email=wpsjunior23@gmail.com</arg>
<arg>password=${password}</arg>
<doc>Creates and returns a dictionary based on the given ``items``.</doc>
<msg timestamp="20240216 16:54:06.005" level="INFO">${user} = {'name': 'Wellington Júnior', 'email': 'wpsjunior23@gmail.com', 'password': '123'}</msg>
<status status="PASS" starttime="20240216 16:54:06.004" endtime="20240216 16:54:06.005"/>
</kw>
<kw name="Go to signup page" library="SignupPage">
<kw name="Set Variable" library="BuiltIn">
<var>${element}</var>
<arg>css=h1</arg>
<doc>Returns the given values which can then be assigned to a variables.</doc>
<msg timestamp="20240216 16:54:06.006" level="INFO">${element} = css=h1</msg>
<status status="PASS" starttime="20240216 16:54:06.006" endtime="20240216 16:54:06.006"/>
</kw>
<kw name="Go To" library="Browser">
<arg>${BASE_URL}/signup</arg>
<tag>BrowserControl</tag>
<tag>Setter</tag>
<doc>Navigates to the given ``url``.</doc>
<msg timestamp="20240216 16:54:06.029" level="INFO">Successfully opened URL http://localhost:3000/signup</msg>
<status status="PASS" starttime="20240216 16:54:06.006" endtime="20240216 16:54:06.030"/>
</kw>
<kw name="Wait For Elements State" library="Browser">
<arg>${element}</arg>
<arg>visible</arg>
<arg>5</arg>
<tag>PageContent</tag>
<tag>Wait</tag>
<doc>Waits for the element found by ``selector`` to satisfy state option.</doc>
<msg timestamp="20240216 16:54:06.041" level="INFO">Waited for Element with selector css=h1 at state visible</msg>
<status status="PASS" starttime="20240216 16:54:06.030" endtime="20240216 16:54:06.041"/>
</kw>
<kw name="Get Text" library="Browser">
<arg>${element}</arg>
<arg>equal</arg>
<arg>Faça seu cadastro</arg>
<tag>Assertion</tag>
<tag>Getter</tag>
<tag>PageContent</tag>
<doc>Returns text attribute of the element found by ``selector``.</doc>
<msg timestamp="20240216 16:54:06.053" level="INFO">Text: 'Faça seu cadastro'</msg>
<status status="PASS" starttime="20240216 16:54:06.041" endtime="20240216 16:54:06.053"/>
</kw>
<status status="PASS" starttime="20240216 16:54:06.005" endtime="20240216 16:54:06.053"/>
</kw>
<kw name="Submit signup form" library="SignupPage">
<arg>${user}</arg>
<kw name="Fill Text" library="Browser">
<arg>id=name</arg>
<arg>${user}[name]</arg>
<tag>PageContent</tag>
<tag>Setter</tag>
<doc>Clears and fills the given ``txt`` into the text field found by ``selector``.</doc>
<msg timestamp="20240216 16:54:06.053" level="INFO">Fills the text 'Wellington Júnior' in the given field.</msg>
<status status="PASS" starttime="20240216 16:54:06.053" endtime="20240216 16:54:06.064"/>
</kw>
<kw name="Fill Text" library="Browser">
<arg>id=email</arg>
<arg>${user}[email]</arg>
<tag>PageContent</tag>
<tag>Setter</tag>
<doc>Clears and fills the given ``txt`` into the text field found by ``selector``.</doc>
<msg timestamp="20240216 16:54:06.064" level="INFO">Fills the text 'wpsjunior23@gmail.com' in the given field.</msg>
<status status="PASS" starttime="20240216 16:54:06.064" endtime="20240216 16:54:06.073"/>
</kw>
<kw name="Fill Text" library="Browser">
<arg>id=password</arg>
<arg>${user}[password]</arg>
<tag>PageContent</tag>
<tag>Setter</tag>
<doc>Clears and fills the given ``txt`` into the text field found by ``selector``.</doc>
<msg timestamp="20240216 16:54:06.073" level="INFO">Fills the text '123' in the given field.</msg>
<status status="PASS" starttime="20240216 16:54:06.073" endtime="20240216 16:54:06.078"/>
</kw>
<kw name="Click" library="Browser">
<arg>id=buttonSignup</arg>
<tag>PageContent</tag>
<tag>Setter</tag>
<doc>Simulates mouse click on the element found by ``selector``.</doc>
<status status="PASS" starttime="20240216 16:54:06.078" endtime="20240216 16:54:06.113"/>
</kw>
<status status="PASS" starttime="20240216 16:54:06.053" endtime="20240216 16:54:06.113"/>
</kw>
<kw name="Alert should be" library="SignupPage">
<arg>Informe uma senha com pelo menos 6 digitos</arg>
<kw name="Wait For Elements State" library="Browser">
<arg>css=.alert-error &gt;&gt; text=${alert_text}</arg>
<arg>visible</arg>
<arg>5</arg>
<tag>PageContent</tag>
<tag>Wait</tag>
<doc>Waits for the element found by ``selector`` to satisfy state option.</doc>
<msg timestamp="20240216 16:54:06.118" level="INFO">Waited for Element with selector css=.alert-error &gt;&gt; text=Informe uma senha com pelo menos 6 digitos at state visible</msg>
<status status="PASS" starttime="20240216 16:54:06.113" endtime="20240216 16:54:06.118"/>
</kw>
<status status="PASS" starttime="20240216 16:54:06.113" endtime="20240216 16:54:06.118"/>
</kw>
<status status="PASS" starttime="20240216 16:54:06.004" endtime="20240216 16:54:06.118"/>
</iter>
<iter>
<var name="${password}">1234</var>
<kw name="Create Dictionary" library="BuiltIn">
<var>${user}</var>
<arg>name=Wellington Júnior</arg>
<arg>email=wpsjunior23@gmail.com</arg>
<arg>password=${password}</arg>
<doc>Creates and returns a dictionary based on the given ``items``.</doc>
<msg timestamp="20240216 16:54:06.118" level="INFO">${user} = {'name': 'Wellington Júnior', 'email': 'wpsjunior23@gmail.com', 'password': '1234'}</msg>
<status status="PASS" starttime="20240216 16:54:06.118" endtime="20240216 16:54:06.118"/>
</kw>
<kw name="Go to signup page" library="SignupPage">
<kw name="Set Variable" library="BuiltIn">
<var>${element}</var>
<arg>css=h1</arg>
<doc>Returns the given values which can then be assigned to a variables.</doc>
<msg timestamp="20240216 16:54:06.121" level="INFO">${element} = css=h1</msg>
<status status="PASS" starttime="20240216 16:54:06.118" endtime="20240216 16:54:06.121"/>
</kw>
<kw name="Go To" library="Browser">
<arg>${BASE_URL}/signup</arg>
<tag>BrowserControl</tag>
<tag>Setter</tag>
<doc>Navigates to the given ``url``.</doc>
<msg timestamp="20240216 16:54:06.147" level="INFO">Successfully opened URL http://localhost:3000/signup</msg>
<status status="PASS" starttime="20240216 16:54:06.121" endtime="20240216 16:54:06.147"/>
</kw>
<kw name="Wait For Elements State" library="Browser">
<arg>${element}</arg>
<arg>visible</arg>
<arg>5</arg>
<tag>PageContent</tag>
<tag>Wait</tag>
<doc>Waits for the element found by ``selector`` to satisfy state option.</doc>
<msg timestamp="20240216 16:54:06.158" level="INFO">Waited for Element with selector css=h1 at state visible</msg>
<status status="PASS" starttime="20240216 16:54:06.147" endtime="20240216 16:54:06.158"/>
</kw>
<kw name="Get Text" library="Browser">
<arg>${element}</arg>
<arg>equal</arg>
<arg>Faça seu cadastro</arg>
<tag>Assertion</tag>
<tag>Getter</tag>
<tag>PageContent</tag>
<doc>Returns text attribute of the element found by ``selector``.</doc>
<msg timestamp="20240216 16:54:06.172" level="INFO">Text: 'Faça seu cadastro'</msg>
<status status="PASS" starttime="20240216 16:54:06.158" endtime="20240216 16:54:06.173"/>
</kw>
<status status="PASS" starttime="20240216 16:54:06.118" endtime="20240216 16:54:06.173"/>
</kw>
<kw name="Submit signup form" library="SignupPage">
<arg>${user}</arg>
<kw name="Fill Text" library="Browser">
<arg>id=name</arg>
<arg>${user}[name]</arg>
<tag>PageContent</tag>
<tag>Setter</tag>
<doc>Clears and fills the given ``txt`` into the text field found by ``selector``.</doc>
<msg timestamp="20240216 16:54:06.173" level="INFO">Fills the text 'Wellington Júnior' in the given field.</msg>
<status status="PASS" starttime="20240216 16:54:06.173" endtime="20240216 16:54:06.178"/>
</kw>
<kw name="Fill Text" library="Browser">
<arg>id=email</arg>
<arg>${user}[email]</arg>
<tag>PageContent</tag>
<tag>Setter</tag>
<doc>Clears and fills the given ``txt`` into the text field found by ``selector``.</doc>
<msg timestamp="20240216 16:54:06.178" level="INFO">Fills the text 'wpsjunior23@gmail.com' in the given field.</msg>
<status status="PASS" starttime="20240216 16:54:06.178" endtime="20240216 16:54:06.192"/>
</kw>
<kw name="Fill Text" library="Browser">
<arg>id=password</arg>
<arg>${user}[password]</arg>
<tag>PageContent</tag>
<tag>Setter</tag>
<doc>Clears and fills the given ``txt`` into the text field found by ``selector``.</doc>
<msg timestamp="20240216 16:54:06.192" level="INFO">Fills the text '1234' in the given field.</msg>
<status status="PASS" starttime="20240216 16:54:06.192" endtime="20240216 16:54:06.199"/>
</kw>
<kw name="Click" library="Browser">
<arg>id=buttonSignup</arg>
<tag>PageContent</tag>
<tag>Setter</tag>
<doc>Simulates mouse click on the element found by ``selector``.</doc>
<status status="PASS" starttime="20240216 16:54:06.200" endtime="20240216 16:54:06.228"/>
</kw>
<status status="PASS" starttime="20240216 16:54:06.173" endtime="20240216 16:54:06.228"/>
</kw>
<kw name="Alert should be" library="SignupPage">
<arg>Informe uma senha com pelo menos 6 digitos</arg>
<kw name="Wait For Elements State" library="Browser">
<arg>css=.alert-error &gt;&gt; text=${alert_text}</arg>
<arg>visible</arg>
<arg>5</arg>
<tag>PageContent</tag>
<tag>Wait</tag>
<doc>Waits for the element found by ``selector`` to satisfy state option.</doc>
<msg timestamp="20240216 16:54:06.228" level="INFO">Waited for Element with selector css=.alert-error &gt;&gt; text=Informe uma senha com pelo menos 6 digitos at state visible</msg>
<status status="PASS" starttime="20240216 16:54:06.228" endtime="20240216 16:54:06.228"/>
</kw>
<status status="PASS" starttime="20240216 16:54:06.228" endtime="20240216 16:54:06.228"/>
</kw>
<status status="PASS" starttime="20240216 16:54:06.118" endtime="20240216 16:54:06.228"/>
</iter>
<iter>
<var name="${password}">12345</var>
<kw name="Create Dictionary" library="BuiltIn">
<var>${user}</var>
<arg>name=Wellington Júnior</arg>
<arg>email=wpsjunior23@gmail.com</arg>
<arg>password=${password}</arg>
<doc>Creates and returns a dictionary based on the given ``items``.</doc>
<msg timestamp="20240216 16:54:06.228" level="INFO">${user} = {'name': 'Wellington Júnior', 'email': 'wpsjunior23@gmail.com', 'password': '12345'}</msg>
<status status="PASS" starttime="20240216 16:54:06.228" endtime="20240216 16:54:06.228"/>
</kw>
<kw name="Go to signup page" library="SignupPage">
<kw name="Set Variable" library="BuiltIn">
<var>${element}</var>
<arg>css=h1</arg>
<doc>Returns the given values which can then be assigned to a variables.</doc>
<msg timestamp="20240216 16:54:06.228" level="INFO">${element} = css=h1</msg>
<status status="PASS" starttime="20240216 16:54:06.228" endtime="20240216 16:54:06.228"/>
</kw>
<kw name="Go To" library="Browser">
<arg>${BASE_URL}/signup</arg>
<tag>BrowserControl</tag>
<tag>Setter</tag>
<doc>Navigates to the given ``url``.</doc>
<msg timestamp="20240216 16:54:06.262" level="INFO">Successfully opened URL http://localhost:3000/signup</msg>
<status status="PASS" starttime="20240216 16:54:06.228" endtime="20240216 16:54:06.262"/>
</kw>
<kw name="Wait For Elements State" library="Browser">
<arg>${element}</arg>
<arg>visible</arg>
<arg>5</arg>
<tag>PageContent</tag>
<tag>Wait</tag>
<doc>Waits for the element found by ``selector`` to satisfy state option.</doc>
<msg timestamp="20240216 16:54:06.272" level="INFO">Waited for Element with selector css=h1 at state visible</msg>
<status status="PASS" starttime="20240216 16:54:06.262" endtime="20240216 16:54:06.272"/>
</kw>
<kw name="Get Text" library="Browser">
<arg>${element}</arg>
<arg>equal</arg>
<arg>Faça seu cadastro</arg>
<tag>Assertion</tag>
<tag>Getter</tag>
<tag>PageContent</tag>
<doc>Returns text attribute of the element found by ``selector``.</doc>
<msg timestamp="20240216 16:54:06.286" level="INFO">Text: 'Faça seu cadastro'</msg>
<status status="PASS" starttime="20240216 16:54:06.272" endtime="20240216 16:54:06.286"/>
</kw>
<status status="PASS" starttime="20240216 16:54:06.228" endtime="20240216 16:54:06.286"/>
</kw>
<kw name="Submit signup form" library="SignupPage">
<arg>${user}</arg>
<kw name="Fill Text" library="Browser">
<arg>id=name</arg>
<arg>${user}[name]</arg>
<tag>PageContent</tag>
<tag>Setter</tag>
<doc>Clears and fills the given ``txt`` into the text field found by ``selector``.</doc>
<msg timestamp="20240216 16:54:06.287" level="INFO">Fills the text 'Wellington Júnior' in the given field.</msg>
<status status="PASS" starttime="20240216 16:54:06.286" endtime="20240216 16:54:06.291"/>
</kw>
<kw name="Fill Text" library="Browser">
<arg>id=email</arg>
<arg>${user}[email]</arg>
<tag>PageContent</tag>
<tag>Setter</tag>
<doc>Clears and fills the given ``txt`` into the text field found by ``selector``.</doc>
<msg timestamp="20240216 16:54:06.291" level="INFO">Fills the text 'wpsjunior23@gmail.com' in the given field.</msg>
<status status="PASS" starttime="20240216 16:54:06.291" endtime="20240216 16:54:06.299"/>
</kw>
<kw name="Fill Text" library="Browser">
<arg>id=password</arg>
<arg>${user}[password]</arg>
<tag>PageContent</tag>
<tag>Setter</tag>
<doc>Clears and fills the given ``txt`` into the text field found by ``selector``.</doc>
<msg timestamp="20240216 16:54:06.299" level="INFO">Fills the text '12345' in the given field.</msg>
<status status="PASS" starttime="20240216 16:54:06.299" endtime="20240216 16:54:06.309"/>
</kw>
<kw name="Click" library="Browser">
<arg>id=buttonSignup</arg>
<tag>PageContent</tag>
<tag>Setter</tag>
<doc>Simulates mouse click on the element found by ``selector``.</doc>
<status status="PASS" starttime="20240216 16:54:06.309" endtime="20240216 16:54:06.348"/>
</kw>
<status status="PASS" starttime="20240216 16:54:06.286" endtime="20240216 16:54:06.348"/>
</kw>
<kw name="Alert should be" library="SignupPage">
<arg>Informe uma senha com pelo menos 6 digitos</arg>
<kw name="Wait For Elements State" library="Browser">
<arg>css=.alert-error &gt;&gt; text=${alert_text}</arg>
<arg>visible</arg>
<arg>5</arg>
<tag>PageContent</tag>
<tag>Wait</tag>
<doc>Waits for the element found by ``selector`` to satisfy state option.</doc>
<msg timestamp="20240216 16:54:06.348" level="INFO">Waited for Element with selector css=.alert-error &gt;&gt; text=Informe uma senha com pelo menos 6 digitos at state visible</msg>
<status status="PASS" starttime="20240216 16:54:06.348" endtime="20240216 16:54:06.348"/>
</kw>
<status status="PASS" starttime="20240216 16:54:06.348" endtime="20240216 16:54:06.348"/>
</kw>
<status status="PASS" starttime="20240216 16:54:06.228" endtime="20240216 16:54:06.348"/>
</iter>
<status status="PASS" starttime="20240216 16:54:05.722" endtime="20240216 16:54:06.348"/>
</for>
<kw name="Take Screenshot" library="Browser" type="TEARDOWN">
<tag>PageContent</tag>
<doc>Takes a screenshot of the current window or element and saves it to disk.</doc>
<msg timestamp="20240216 16:54:06.539" level="INFO" html="true">&lt;/td&gt;&lt;/tr&gt;&lt;tr&gt;&lt;td colspan="3"&gt;&lt;a href="browser/screenshot/robotframework-browser-screenshot-1.png" target="_blank"&gt;&lt;img src="browser/screenshot/robotframework-browser-screenshot-1.png" width="800px"/&gt;&lt;/a&gt;</msg>
<status status="PASS" starttime="20240216 16:54:06.348" endtime="20240216 16:54:06.539"/>
</kw>
<status status="PASS" starttime="20240216 16:54:04.933" endtime="20240216 16:54:06.539"/>
</test>
<kw name="Log" library="BuiltIn" type="TEARDOWN">
<arg>Tudo aqui ocorre depois dos testes</arg>
<doc>Logs the given message with the given level.</doc>
<msg timestamp="20240216 16:54:06.579" level="INFO">Tudo aqui ocorre depois dos testes</msg>
<status status="PASS" starttime="20240216 16:54:06.579" endtime="20240216 16:54:06.579"/>
</kw>
<doc>Cenários de testes do cadastro de usuários</doc>
<status status="PASS" starttime="20240216 16:53:56.017" endtime="20240216 16:54:06.579"/>
</suite>
<status status="PASS" starttime="20240216 16:53:56.016" endtime="20240216 16:54:06.579"/>
</suite>
<status status="PASS" starttime="20240216 16:53:55.995" endtime="20240216 16:54:06.579"/>
</suite>
<statistics>
<total>
<stat pass="1" fail="0" skip="0">All Tests</stat>
</total>
<tag>
</tag>
<suite>
<stat pass="1" fail="0" skip="0" id="s1" name="Mark85-Robot-Express">Mark85-Robot-Express</stat>
<stat pass="1" fail="0" skip="0" id="s1-s1" name="Tests">Mark85-Robot-Express.Tests</stat>
<stat pass="1" fail="0" skip="0" id="s1-s1-s1" name="Signup">Mark85-Robot-Express.Tests.Signup</stat>
</suite>
</statistics>
<errors>
</errors>
</robot>
