<?xml version="1.0" encoding="UTF-8"?>
<robot generator="Robot 6.1.1 (Python 3.12.2 on win32)" generated="20240216 16:44:51.993" rpa="false" schemaversion="4">
<suite id="s1" name="Mark85-Robot-Express" source="C:\QAx\projects\mark85-robot-express">
<suite id="s1-s1" name="Tests" source="C:\QAx\projects\mark85-robot-express\tests">
<suite id="s1-s1-s1" name="Signup" source="C:\QAx\projects\mark85-robot-express\tests\signup.robot">
<kw name="Log" library="BuiltIn" type="SETUP">
<arg>Tudo aqui ocorre antes dos testes</arg>
<doc>Logs the given message with the given level.</doc>
<msg timestamp="20240216 16:45:00.960" level="INFO">Tudo aqui ocorre antes dos testes</msg>
<status status="PASS" starttime="20240216 16:45:00.960" endtime="20240216 16:45:00.960"/>
</kw>
<test id="s1-s1-s1-t1" name="Deve poder cadastrar um novo usuário" line="19">
<kw name="Start Session" library="base" type="SETUP">
<kw name="New Browser" library="Browser">
<arg>headless=False</arg>
<arg>browser=chromium</arg>
<tag>BrowserControl</tag>
<tag>Setter</tag>
<doc>Create a new playwright Browser with specified options.</doc>
<msg timestamp="20240216 16:45:00.960" level="INFO">{"browser": "chromium", "headless": false, "chromiumSandbox": false, "devtools": false, "handleSIGHUP": true, "handleSIGINT": true, "handleSIGTERM": true, "slowMo": 0.0, "timeout": 30000.0, "tracesDir": "C:\\QAx\\projects\\mark85-robot-express\\results\\browser\\traces\\c728f623-7dd0-4540-9ae7-256cad3b3a7d"}</msg>
<msg timestamp="20240216 16:45:01.162" level="INFO">Successfully created browser with options: {"browser":"chromium","headless":false,"chromiumSandbox":false,"devtools":false,"handleSIGHUP":true,"handleSIGINT":true,"handleSIGTERM":true,"slowMo":0,"timeout":30000,"tracesDir":"C:\\QAx\\projects\\mark85-robot-express\\results\\browser\\traces\\c728f623-7dd0-4540-9ae7-256cad3b3a7d"}</msg>
<status status="PASS" starttime="20240216 16:45:00.960" endtime="20240216 16:45:01.162"/>
</kw>
<kw name="New Page" library="Browser">
<arg>${BASE_URL}</arg>
<tag>BrowserControl</tag>
<tag>Setter</tag>
<doc>Open a new Page.</doc>
<msg timestamp="20240216 16:45:01.708" level="INFO">Successfully initialized new page object and opened url: http://localhost:3000</msg>
<msg timestamp="20240216 16:45:01.708" level="INFO">No context was open. New context was automatically opened when this page is created.</msg>
<status status="PASS" starttime="20240216 16:45:01.162" endtime="20240216 16:45:01.709"/>
</kw>
<status status="PASS" starttime="20240216 16:45:00.960" endtime="20240216 16:45:01.709"/>
</kw>
<kw name="Create Dictionary" library="BuiltIn">
<var>${user}</var>
<arg>name=Wellington Júnior</arg>
<arg>email=wpsjunior23@gmail.com</arg>
<arg>password=pwd123</arg>
<doc>Creates and returns a dictionary based on the given ``items``.</doc>
<msg timestamp="20240216 16:45:01.710" level="INFO">${user} = {'name': 'Wellington Júnior', 'email': 'wpsjunior23@gmail.com', 'password': 'pwd123'}</msg>
<status status="PASS" starttime="20240216 16:45:01.709" endtime="20240216 16:45:01.710"/>
</kw>
<kw name="Remove user from database" library="database">
<arg>${user}[email]</arg>
<msg timestamp="20240216 16:45:01.960" level="INFO">removing user by wpsjunior23@gmail.com</msg>
<status status="PASS" starttime="20240216 16:45:01.710" endtime="20240216 16:45:01.960"/>
</kw>
<kw name="Go to signup page" library="SignupPage">
<kw name="Set Variable" library="BuiltIn">
<var>${element}</var>
<arg>css=h1</arg>
<doc>Returns the given values which can then be assigned to a variables.</doc>
<msg timestamp="20240216 16:45:01.960" level="INFO">${element} = css=h1</msg>
<status status="PASS" starttime="20240216 16:45:01.960" endtime="20240216 16:45:01.960"/>
</kw>
<kw name="Go To" library="Browser">
<arg>${BASE_URL}/signup</arg>
<tag>BrowserControl</tag>
<tag>Setter</tag>
<doc>Navigates to the given ``url``.</doc>
<msg timestamp="20240216 16:45:02.005" level="INFO">Successfully opened URL http://localhost:3000/signup</msg>
<status status="PASS" starttime="20240216 16:45:01.960" endtime="20240216 16:45:02.005"/>
</kw>
<kw name="Wait For Elements State" library="Browser">
<arg>${element}</arg>
<arg>visible</arg>
<arg>5</arg>
<tag>PageContent</tag>
<tag>Wait</tag>
<doc>Waits for the element found by ``selector`` to satisfy state option.</doc>
<msg timestamp="20240216 16:45:02.027" level="INFO">Waited for Element with selector css=h1 at state visible</msg>
<status status="PASS" starttime="20240216 16:45:02.006" endtime="20240216 16:45:02.027"/>
</kw>
<kw name="Get Text" library="Browser">
<arg>${element}</arg>
<arg>equal</arg>
<arg>Faça seu cadastro</arg>
<tag>Assertion</tag>
<tag>Getter</tag>
<tag>PageContent</tag>
<doc>Returns text attribute of the element found by ``selector``.</doc>
<msg timestamp="20240216 16:45:02.045" level="INFO">Text: 'Faça seu cadastro'</msg>
<status status="PASS" starttime="20240216 16:45:02.027" endtime="20240216 16:45:02.045"/>
</kw>
<status status="PASS" starttime="20240216 16:45:01.960" endtime="20240216 16:45:02.045"/>
</kw>
<kw name="Submit signup form" library="SignupPage">
<arg>${user}</arg>
<kw name="Fill Text" library="Browser">
<arg>id=name</arg>
<arg>${user}[name]</arg>
<tag>PageContent</tag>
<tag>Setter</tag>
<doc>Clears and fills the given ``txt`` into the text field found by ``selector``.</doc>
<msg timestamp="20240216 16:45:02.045" level="INFO">Fills the text 'Wellington Júnior' in the given field.</msg>
<status status="PASS" starttime="20240216 16:45:02.045" endtime="20240216 16:45:02.061"/>
</kw>
<kw name="Fill Text" library="Browser">
<arg>id=email</arg>
<arg>${user}[email]</arg>
<tag>PageContent</tag>
<tag>Setter</tag>
<doc>Clears and fills the given ``txt`` into the text field found by ``selector``.</doc>
<msg timestamp="20240216 16:45:02.061" level="INFO">Fills the text 'wpsjunior23@gmail.com' in the given field.</msg>
<status status="PASS" starttime="20240216 16:45:02.061" endtime="20240216 16:45:02.078"/>
</kw>
<kw name="Fill Text" library="Browser">
<arg>id=password</arg>
<arg>${user}[password]</arg>
<tag>PageContent</tag>
<tag>Setter</tag>
<doc>Clears and fills the given ``txt`` into the text field found by ``selector``.</doc>
<msg timestamp="20240216 16:45:02.078" level="INFO">Fills the text 'pwd123' in the given field.</msg>
<status status="PASS" starttime="20240216 16:45:02.078" endtime="20240216 16:45:02.078"/>
</kw>
<kw name="Click" library="Browser">
<arg>id=buttonSignup</arg>
<tag>PageContent</tag>
<tag>Setter</tag>
<doc>Simulates mouse click on the element found by ``selector``.</doc>
<status status="PASS" starttime="20240216 16:45:02.078" endtime="20240216 16:45:02.145"/>
</kw>
<status status="PASS" starttime="20240216 16:45:02.045" endtime="20240216 16:45:02.145"/>
</kw>
<kw name="Notice should be" library="SignupPage">
<arg>Boas vindas ao Mark85, o seu gerenciador de tarefas.</arg>
<kw name="Set Variable" library="BuiltIn">
<var>${notice_element}</var>
<arg>css=.notice p</arg>
<doc>Returns the given values which can then be assigned to a variables.</doc>
<msg timestamp="20240216 16:45:02.145" level="INFO">${notice_element} = css=.notice p</msg>
<status status="PASS" starttime="20240216 16:45:02.145" endtime="20240216 16:45:02.145"/>
</kw>
<kw name="Wait For Elements State" library="Browser">
<arg>${notice_element}</arg>
<arg>visible</arg>
<arg>5</arg>
<tag>PageContent</tag>
<tag>Wait</tag>
<doc>Waits for the element found by ``selector`` to satisfy state option.</doc>
<msg timestamp="20240216 16:45:02.359" level="INFO">Waited for Element with selector css=.notice p at state visible</msg>
<status status="PASS" starttime="20240216 16:45:02.145" endtime="20240216 16:45:02.359"/>
</kw>
<kw name="Get Text" library="Browser">
<arg>${notice_element}</arg>
<arg>equal</arg>
<arg>${expected_text}</arg>
<tag>Assertion</tag>
<tag>Getter</tag>
<tag>PageContent</tag>
<doc>Returns text attribute of the element found by ``selector``.</doc>
<msg timestamp="20240216 16:45:02.359" level="INFO">Text: 'Boas vindas ao Mark85, o seu gerenciador de tarefas.'</msg>
<status status="PASS" starttime="20240216 16:45:02.359" endtime="20240216 16:45:02.359"/>
</kw>
<status status="PASS" starttime="20240216 16:45:02.145" endtime="20240216 16:45:02.359"/>
</kw>
<kw name="Take Screenshot" library="Browser" type="TEARDOWN">
<tag>PageContent</tag>
<doc>Takes a screenshot of the current window or element and saves it to disk.</doc>
<msg timestamp="20240216 16:45:02.565" level="INFO" html="true">&lt;/td&gt;&lt;/tr&gt;&lt;tr&gt;&lt;td colspan="3"&gt;&lt;a href="browser/screenshot/robotframework-browser-screenshot-1.png" target="_blank"&gt;&lt;img src="browser/screenshot/robotframework-browser-screenshot-1.png" width="800px"/&gt;&lt;/a&gt;</msg>
<status status="PASS" starttime="20240216 16:45:02.359" endtime="20240216 16:45:02.565"/>
</kw>
<status status="PASS" starttime="20240216 16:45:00.960" endtime="20240216 16:45:02.565"/>
</test>
<kw name="Log" library="BuiltIn" type="TEARDOWN">
<arg>Tudo aqui ocorre depois dos testes</arg>
<doc>Logs the given message with the given level.</doc>
<msg timestamp="20240216 16:45:02.599" level="INFO">Tudo aqui ocorre depois dos testes</msg>
<status status="PASS" starttime="20240216 16:45:02.599" endtime="20240216 16:45:02.599"/>
</kw>
<doc>Cenários de testes do cadastro de usuários</doc>
<status status="PASS" starttime="20240216 16:44:52.011" endtime="20240216 16:45:02.599"/>
</suite>
<status status="PASS" starttime="20240216 16:44:52.011" endtime="20240216 16:45:02.599"/>
</suite>
<status status="PASS" starttime="20240216 16:44:51.996" endtime="20240216 16:45:02.609"/>
</suite>
<statistics>
<total>
<stat pass="1" fail="0" skip="0">All Tests</stat>
</total>
<tag>
</tag>
<suite>
<stat pass="1" fail="0" skip="0" id="s1" name="Mark85-Robot-Express">Mark85-Robot-Express</stat>
<stat pass="1" fail="0" skip="0" id="s1-s1" name="Tests">Mark85-Robot-Express.Tests</stat>
<stat pass="1" fail="0" skip="0" id="s1-s1-s1" name="Signup">Mark85-Robot-Express.Tests.Signup</stat>
</suite>
</statistics>
<errors>
</errors>
</robot>
